<?xml version="1.0" encoding="UTF-8"?>
<testng-results skipped="0" failed="0" total="1" passed="1">
  <reporter-output>
  </reporter-output>
  <suite name="YT" duration-ms="13788" started-at="2015-02-24T16:06:30Z" finished-at="2015-02-24T16:06:44Z">
    <groups>
    </groups>
    <test name="GURU99TestNGAnt" duration-ms="13788" started-at="2015-02-24T16:06:30Z" finished-at="2015-02-24T16:06:44Z">
      <class name="testAnt.Guru99AntClass">
        <test-method status="PASS" signature="Guru99AntTestNGMethod()[pri:0, instance:testAnt.Guru99AntClass@1e12e2c]" name="Guru99AntTestNGMethod" duration-ms="13774" started-at="2015-02-24T21:36:30Z" finished-at="2015-02-24T21:36:44Z">
          <reporter-output>
          </reporter-output>
        </test-method> <!-- Guru99AntTestNGMethod -->
      </class> <!-- testAnt.Guru99AntClass -->
    </test> <!-- GURU99TestNGAnt -->
  </suite> <!-- YT -->
</testng-results>
